<?xml version="1.0" encoding="UTF-8"?>
<!-- Generated by org.testng.reporters.JUnitXMLReporter -->
<testsuite ignored="0" hostname="DESKTOP-9L593TN" failures="0" tests="3" name="Default test" time="49.629" errors="0" timestamp="2023-06-12T16:05:31 IST">
  <testcase classname="Test_Scenarios.TestMethods_GoogleSearch" name="SearchOperation" time="6.503"/>
  <testcase classname="Test_Scenarios.TestMethods_GoogleSearch" name="VerifyAndAccessFacebook" time="16.501"/>
  <testcase classname="Test_Scenarios.TestMethods_GoogleSearch" name="VerifyLogin" time="3.134"/>
</testsuite> <!-- Default test -->
