<?xml version="1.0" encoding="UTF-8"?>
<testng-results ignored="0" total="3" passed="3" failed="0" skipped="0">
  <reporter-output>
  </reporter-output>
  <suite started-at="2023-06-12T16:09:57 IST" name="Suite" finished-at="2023-06-12T16:10:49 IST" duration-ms="52147">
    <groups>
    </groups>
    <test started-at="2023-06-12T16:09:57 IST" name="Test" finished-at="2023-06-12T16:10:49 IST" duration-ms="52147">
      <class name="Test_Scenarios.TestMethods_GoogleSearch">
        <test-method is-config="true" signature="beforetest()[pri:0, instance:Test_Scenarios.TestMethods_GoogleSearch@6d4d66d2]" started-at="2023-06-12T16:09:57 IST" name="beforetest" finished-at="2023-06-12T16:10:18 IST" duration-ms="21047" status="PASS">
          <reporter-output>
          </reporter-output>
        </test-method> <!-- beforetest -->
        <test-method signature="SearchOperation()[pri:0, instance:Test_Scenarios.TestMethods_GoogleSearch@6d4d66d2]" started-at="2023-06-12T16:10:18 IST" name="SearchOperation" finished-at="2023-06-12T16:10:29 IST" duration-ms="10928" status="PASS">
          <reporter-output>
          </reporter-output>
        </test-method> <!-- SearchOperation -->
        <test-method signature="VerifyAndAccessFacebook()[pri:0, instance:Test_Scenarios.TestMethods_GoogleSearch@6d4d66d2]" started-at="2023-06-12T16:10:29 IST" name="VerifyAndAccessFacebook" finished-at="2023-06-12T16:10:43 IST" duration-ms="13989" status="PASS">
          <reporter-output>
          </reporter-output>
        </test-method> <!-- VerifyAndAccessFacebook -->
        <test-method signature="VerifyLogin()[pri:0, instance:Test_Scenarios.TestMethods_GoogleSearch@6d4d66d2]" started-at="2023-06-12T16:10:43 IST" name="VerifyLogin" finished-at="2023-06-12T16:10:46 IST" duration-ms="2880" status="PASS">
          <reporter-output>
          </reporter-output>
        </test-method> <!-- VerifyLogin -->
        <test-method is-config="true" signature="aftertest()[pri:0, instance:Test_Scenarios.TestMethods_GoogleSearch@6d4d66d2]" started-at="2023-06-12T16:10:46 IST" name="aftertest" finished-at="2023-06-12T16:10:49 IST" duration-ms="3207" status="PASS">
          <reporter-output>
          </reporter-output>
        </test-method> <!-- aftertest -->
      </class> <!-- Test_Scenarios.TestMethods_GoogleSearch -->
    </test> <!-- Test -->
  </suite> <!-- Suite -->
</testng-results>
